Determining if the pthread_create exist failed with the following output:
Change Dir: /home/florian/catkin_ws/src/sharp/build/CMakeFiles/CMakeTmp

Run Build Command:/usr/bin/make "cmTryCompileExec3703976032/fast"
make[1]: Entering directory `/home/florian/catkin_ws/src/sharp/build/CMakeFiles/CMakeTmp'
/usr/bin/make -f CMakeFiles/cmTryCompileExec3703976032.dir/build.make CMakeFiles/cmTryCompileExec3703976032.dir/build
make[2]: Entering directory `/home/florian/catkin_ws/src/sharp/build/CMakeFiles/CMakeTmp'
/usr/bin/cmake -E cmake_progress_report /home/florian/catkin_ws/src/sharp/build/CMakeFiles/CMakeTmp/CMakeFiles 1
Building C object CMakeFiles/cmTryCompileExec3703976032.dir/CheckSymbolExists.c.o
/usr/bin/cc    -o CMakeFiles/cmTryCompileExec3703976032.dir/CheckSymbolExists.c.o   -c /home/florian/catkin_ws/src/sharp/build/CMakeFiles/CMakeTmp/CheckSymbolExists.c
Linking C executable cmTryCompileExec3703976032
/usr/bin/cmake -E cmake_link_script CMakeFiles/cmTryCompileExec3703976032.dir/link.txt --verbose=1
/usr/bin/cc       CMakeFiles/cmTryCompileExec3703976032.dir/CheckSymbolExists.c.o  -o cmTryCompileExec3703976032 -rdynamic 
CMakeFiles/cmTryCompileExec3703976032.dir/CheckSymbolExists.c.o: In function `main':
CheckSymbolExists.c:(.text+0xa): undefined reference to `pthread_create'
collect2: error: ld returned 1 exit status
make[2]: *** [cmTryCompileExec3703976032] Error 1
make[2]: Leaving directory `/home/florian/catkin_ws/src/sharp/build/CMakeFiles/CMakeTmp'
make[1]: *** [cmTryCompileExec3703976032/fast] Error 2
make[1]: Leaving directory `/home/florian/catkin_ws/src/sharp/build/CMakeFiles/CMakeTmp'

File /home/florian/catkin_ws/src/sharp/build/CMakeFiles/CMakeTmp/CheckSymbolExists.c:
/* */
#include <pthread.h>

int main(int argc, char** argv)
{
  (void)argv;
#ifndef pthread_create
  return ((int*)(&pthread_create))[argc];
#else
  (void)argc;
  return 0;
#endif
}

Determining if the function pthread_create exists in the pthreads failed with the following output:
Change Dir: /home/florian/catkin_ws/src/sharp/build/CMakeFiles/CMakeTmp

Run Build Command:/usr/bin/make "cmTryCompileExec828771734/fast"
make[1]: Entering directory `/home/florian/catkin_ws/src/sharp/build/CMakeFiles/CMakeTmp'
/usr/bin/make -f CMakeFiles/cmTryCompileExec828771734.dir/build.make CMakeFiles/cmTryCompileExec828771734.dir/build
make[2]: Entering directory `/home/florian/catkin_ws/src/sharp/build/CMakeFiles/CMakeTmp'
/usr/bin/cmake -E cmake_progress_report /home/florian/catkin_ws/src/sharp/build/CMakeFiles/CMakeTmp/CMakeFiles 1
Building C object CMakeFiles/cmTryCompileExec828771734.dir/CheckFunctionExists.c.o
/usr/bin/cc   -DCHECK_FUNCTION_EXISTS=pthread_create   -o CMakeFiles/cmTryCompileExec828771734.dir/CheckFunctionExists.c.o   -c /usr/share/cmake-2.8/Modules/CheckFunctionExists.c
Linking C executable cmTryCompileExec828771734
/usr/bin/cmake -E cmake_link_script CMakeFiles/cmTryCompileExec828771734.dir/link.txt --verbose=1
/usr/bin/cc   -DCHECK_FUNCTION_EXISTS=pthread_create    CMakeFiles/cmTryCompileExec828771734.dir/CheckFunctionExists.c.o  -o cmTryCompileExec828771734 -rdynamic -lpthreads 
/usr/bin/ld: cannot find -lpthreads
collect2: error: ld returned 1 exit status
make[2]: *** [cmTryCompileExec828771734] Error 1
make[2]: Leaving directory `/home/florian/catkin_ws/src/sharp/build/CMakeFiles/CMakeTmp'
make[1]: *** [cmTryCompileExec828771734/fast] Error 2
make[1]: Leaving directory `/home/florian/catkin_ws/src/sharp/build/CMakeFiles/CMakeTmp'


